Fri Apr 18 11:17:35 PM EET 2025 - Attempted to add existing user 'ahmed'
Fri Apr 18 11:17:52 PM EET 2025 - Added user 'ahmd'
Fri Apr 18 11:18:42 PM EET 2025 - Added user 'alis'
Fri Apr 18 11:21:27 PM EET 2025 - Added user 'alis'
Fri Apr 18 11:23:51 PM EET 2025 - Added user 'alis'
Fri Apr 18 11:25:22 PM EET 2025 - Deleted user 'alis'
Fri Apr 18 11:26:48 PM EET 2025 - Changed username from 'ali' to 'alis'
Fri Apr 18 11:27:01 PM EET 2025 - Changed username from 'alis' to 'ali'
Fri Apr 18 11:28:05 PM EET 2025 - Listed all normal users
Fri Apr 18 11:30:11 PM EET 2025 - Listed details for user 'elham'
Fri Apr 18 11:30:24 PM EET 2025 - Listed all groups
Fri Apr 18 11:30:28 PM EET 2025 - Listed all groups
Fri Apr 18 11:32:15 PM EET 2025 - Added group 'sales'
Fri Apr 18 11:32:52 PM EET 2025 - Attempted to modify group for non-existing user 'elha'
Fri Apr 18 11:33:17 PM EET 2025 - Added user 'elham' to group 'sales'
Fri Apr 18 11:34:58 PM EET 2025 - Attempted to enable already enabled user 'ali'
Fri Apr 18 11:35:15 PM EET 2025 - Disabled user 'ali'
Fri Apr 18 11:36:11 PM EET 2025 - Deleted group 'sales'
Fri Apr 18 11:37:17 PM EET 2025 - Changed password for user 'ali'
Sat Apr 19 12:57:39 AM EET 2025 - Added user 'ahmmed'
Sat Apr 19 12:57:53 AM EET 2025 - Deleted user 'ahmmed'
Sat Apr 19 12:58:04 AM EET 2025 - Changed username from 'ali' to 'alis'
Sat Apr 19 12:58:07 AM EET 2025 - Listed all normal users
Sat Apr 19 12:58:16 AM EET 2025 - Listed details for user 'alis'
Sat Apr 19 12:58:28 AM EET 2025 - Added group 'sales'
Sat Apr 19 12:58:49 AM EET 2025 - Attempted to modify group for non-existing user ''
Sat Apr 19 12:59:29 AM EET 2025 - Added user 'ali'
Sat Apr 19 12:59:45 AM EET 2025 - Attempted to delete non-existing user 'ali'
Sat Apr 19 01:01:19 AM EET 2025 - Added user 'ali'
Sat Apr 19 01:01:32 AM EET 2025 - Attempted to delete non-existing user 'ali'
Sat Apr 19 01:03:13 AM EET 2025 - Added user 'sam'
Sat Apr 19 01:03:26 AM EET 2025 - Deleted user 'sam'
Sat Apr 19 01:03:37 AM EET 2025 - Attempted to modify non-existing user 'ali'
Sat Apr 19 01:03:55 AM EET 2025 - Added user 'sam'
Sat Apr 19 01:04:07 AM EET 2025 - Changed username from 'sam' to 'samy'
Sat Apr 19 01:04:12 AM EET 2025 - Listed all normal users
Sat Apr 19 01:05:25 AM EET 2025 - Listed details for user 'samy'
Sat Apr 19 01:05:49 AM EET 2025 - Attempted to add existing group 'sales'
Sat Apr 19 01:06:10 AM EET 2025 - Added group 'hr'
Sat Apr 19 01:06:32 AM EET 2025 - Added user 'samy' to group 'hr'
Sat Apr 19 01:06:45 AM EET 2025 - Listed all groups
Sat Apr 19 01:07:41 AM EET 2025 - Attempted to enable already enabled user 'samy'
Sat Apr 19 01:07:55 AM EET 2025 - Disabled user 'samy'
Sat Apr 19 01:08:07 AM EET 2025 - Deleted group 'hr'
Sat Apr 19 01:08:25 AM EET 2025 - Changed password for user 'samy'
